<?xml version="1.0" encoding="UTF-8"?>
<!-- Generated by org.testng.reporters.JUnitXMLReporter -->
<testsuite ignored="0" hostname="DESKTOP-7JOPIFU" failures="0" tests="6" name="Default test" time="16.016" errors="0" timestamp="2022-08-25T16:39:07 ICT">
  <testcase classname="com.juaracoding.restassured.TestGetDuaSatu" name="testStatusCode" time="6.613"/>
  <testcase classname="com.juaracoding.restassured.TestGetDuaSatu" name="tesIDOne" time="2.87"/>
  <testcase classname="com.juaracoding.restassured.TestGetDuaSatu" name="testIDTwo" time="1.599"/>
  <testcase classname="com.juaracoding.restassured.TestGetDuaSatu" name="testIDThree" time="1.624"/>
  <testcase classname="com.juaracoding.restassured.TestGetDuaSatu" name="testIDFour" time="1.594"/>
  <testcase classname="com.juaracoding.restassured.TestGetDuaSatu" name="testIDFive" time="1.575"/>
</testsuite> <!-- Default test -->
